<?xml version="1.0" encoding="UTF-8"?>
<!-- Generated by org.testng.reporters.JUnitXMLReporter -->
<testsuite ignored="0" hostname="Mridul" failures="0" tests="2" name="Ad2500 Affiliate Test" time="77.225" errors="0" timestamp="2024-05-03T04:32:43 IST">
  <testcase classname="agi.qa.airdoctor.tests.Ad2500AffiliatePageTest" name="AffiliateLinkTest" time="31.23"/>
  <testcase classname="agi.qa.airdoctor.tests.Ad2500AffiliatePageTest" name="AffiliateLinkTest" time="25.805"/>
</testsuite> <!-- Ad2500 Affiliate Test -->
