<?xml version="1.0" encoding="UTF-8"?>
<!-- Generated by org.testng.reporters.JUnitXMLReporter -->
<testsuite ignored="0" hostname="Mridul" failures="0" tests="2" name="Ad2500 Affiliate Test" time="63.159" errors="0" timestamp="2024-05-03T02:13:51 IST">
  <testcase classname="agi.qa.airdoctor.tests.Ad2500AffiliatePageTest" name="AffiliateLinkTest" time="25.514"/>
  <testcase classname="agi.qa.airdoctor.tests.Ad2500AffiliatePageTest" name="AffiliateLinkTest" time="26.351"/>
</testsuite> <!-- Ad2500 Affiliate Test -->
