<?xml version="1.0" encoding="UTF-8"?>
<!-- Generated by org.testng.reporters.JUnitXMLReporter -->
<testsuite ignored="0" hostname="Mridul" failures="0" tests="2" name="Default test" time="59.743" errors="0" timestamp="2024-05-03T00:49:34 IST">
  <testcase classname="agi.qa.airdoctor.tests.Ad2500AffiliatePageTest" name="AffiliateLinkTest" time="24.697"/>
  <testcase classname="agi.qa.airdoctor.tests.Ad2500AffiliatePageTest" name="AffiliateLinkTest" time="25.191"/>
</testsuite> <!-- Default test -->
