<?xml version="1.0" encoding="UTF-8"?>
<testng-results ignored="0" total="2" passed="2" failed="0" skipped="0">
  <reporter-output>
  </reporter-output>
  <suite started-at="2024-05-03T04:31:26 IST" name="Airdoctor Affiliate Tests" finished-at="2024-05-03T04:32:43 IST" duration-ms="77225">
    <groups>
    </groups>
    <test started-at="2024-05-03T04:31:26 IST" name="Ad2500 Affiliate Test" finished-at="2024-05-03T04:32:43 IST" duration-ms="77225">
      <class name="agi.qa.airdoctor.tests.Ad2500AffiliatePageTest">
        <test-method is-config="true" signature="setup()[pri:0, instance:agi.qa.airdoctor.tests.Ad2500AffiliatePageTest@7a3b7122]" started-at="2024-05-03T04:31:26 IST" name="setup" finished-at="2024-05-03T04:31:43 IST" duration-ms="17673" status="PASS">
          <reporter-output>
          </reporter-output>
        </test-method> <!-- setup -->
        <test-method signature="AffiliateLinkTest(java.lang.String)[pri:0, instance:agi.qa.airdoctor.tests.Ad2500AffiliatePageTest@7a3b7122]" started-at="2024-05-03T04:31:44 IST" name="AffiliateLinkTest" data-provider="getAffiliateLinkFromExcel" finished-at="2024-05-03T04:32:16 IST" duration-ms="31230" status="PASS">
          <params>
            <param index="0">
              <value>
                <![CDATA[https://airdoctorpro.com/?c=bdanko]]>
              </value>
            </param>
          </params>
          <reporter-output>
          </reporter-output>
        </test-method> <!-- AffiliateLinkTest -->
        <test-method signature="AffiliateLinkTest(java.lang.String)[pri:0, instance:agi.qa.airdoctor.tests.Ad2500AffiliatePageTest@7a3b7122]" started-at="2024-05-03T04:32:16 IST" name="AffiliateLinkTest" data-provider="getAffiliateLinkFromExcel" finished-at="2024-05-03T04:32:42 IST" duration-ms="25805" status="PASS">
          <params>
            <param index="0">
              <value>
                <![CDATA[https://airdoctorpro.com/?c=magwszelaki]]>
              </value>
            </param>
          </params>
          <reporter-output>
          </reporter-output>
        </test-method> <!-- AffiliateLinkTest -->
        <test-method is-config="true" signature="tearDown()[pri:0, instance:agi.qa.airdoctor.tests.Ad2500AffiliatePageTest@7a3b7122]" started-at="2024-05-03T04:32:43 IST" name="tearDown" finished-at="2024-05-03T04:32:43 IST" duration-ms="247" status="PASS">
          <reporter-output>
          </reporter-output>
        </test-method> <!-- tearDown -->
      </class> <!-- agi.qa.airdoctor.tests.Ad2500AffiliatePageTest -->
    </test> <!-- Ad2500 Affiliate Test -->
  </suite> <!-- Airdoctor Affiliate Tests -->
</testng-results>
